<?xml version="1.0" encoding="UTF-8"?>
<!-- Generated by org.testng.reporters.JUnitReportReporter -->
<testsuite hostname="DESKTOP-FJ9J44O" failures="0" tests="1" name="example.NewTest" time="25.706" errors="0" timestamp="2020-05-04T02:03:10 CEST" skipped="0">
  <testcase classname="example.NewTest" name="task7" time="25.706"/>
  <system-out/>
</testsuite> <!-- example.NewTest -->
